{"/Users/dhruv/Code/mole/src/pages/Home.tsx": {"path":"/Users/dhruv/Code/mole/src/pages/Home.tsx","statementMap":{"0":{"start":{"line":6,"column":20},"end":{"line":33,"column":null}},"1":{"start":{"line":7,"column":8},"end":{"line":7,"column":null}},"2":{"start":{"line":9,"column":2},"end":{"line":31,"column":null}},"3":{"start":{"line":18,"column":25},"end":{"line":18,"column":null}},"4":{"start":{"line":25,"column":25},"end":{"line":25,"column":null}}},"fnMap":{"0":{"name":"(anonymous_0)","decl":{"start":{"line":6,"column":20},"end":{"line":6,"column":26}},"loc":{"start":{"line":6,"column":26},"end":{"line":33,"column":null}},"line":6},"1":{"name":"(anonymous_1)","decl":{"start":{"line":18,"column":19},"end":{"line":18,"column":25}},"loc":{"start":{"line":18,"column":25},"end":{"line":18,"column":null}},"line":18},"2":{"name":"(anonymous_2)","decl":{"start":{"line":25,"column":19},"end":{"line":25,"column":25}},"loc":{"start":{"line":25,"column":25},"end":{"line":25,"column":null}},"line":25}},"branchMap":{},"s":{"0":1,"1":5,"2":5,"3":1,"4":1},"f":{"0":5,"1":1,"2":1},"b":{},"meta":{"lastBranch":0,"lastFunction":3,"lastStatement":5,"seen":{"s:6:20:33:Infinity":0,"f:6:20:6:26":0,"s:7:8:7:Infinity":1,"s:9:2:31:Infinity":2,"f:18:19:18:25":1,"s:18:25:18:Infinity":3,"f:25:19:25:25":2,"s:25:25:25:Infinity":4}}}
,"/Users/dhruv/Code/mole/src/pages/host/Game.tsx": {"path":"/Users/dhruv/Code/mole/src/pages/host/Game.tsx","statementMap":{"0":{"start":{"line":12,"column":20},"end":{"line":125,"column":null}},"1":{"start":{"line":13,"column":8},"end":{"line":13,"column":null}},"2":{"start":{"line":14,"column":8},"end":{"line":14,"column":null}},"3":{"start":{"line":15,"column":75},"end":{"line":15,"column":null}},"4":{"start":{"line":16,"column":34},"end":{"line":16,"column":null}},"5":{"start":{"line":17,"column":28},"end":{"line":17,"column":null}},"6":{"start":{"line":19,"column":20},"end":{"line":19,"column":null}},"7":{"start":{"line":21,"column":2},"end":{"line":27,"column":null}},"8":{"start":{"line":22,"column":4},"end":{"line":26,"column":null}},"9":{"start":{"line":23,"column":20},"end":{"line":23,"column":null}},"10":{"start":{"line":24,"column":6},"end":{"line":24,"column":null}},"11":{"start":{"line":25,"column":6},"end":{"line":25,"column":null}},"12":{"start":{"line":30,"column":2},"end":{"line":37,"column":null}},"13":{"start":{"line":31,"column":4},"end":{"line":36,"column":null}},"14":{"start":{"line":32,"column":21},"end":{"line":32,"column":null}},"15":{"start":{"line":32,"column":41},"end":{"line":32,"column":65}},"16":{"start":{"line":33,"column":6},"end":{"line":35,"column":null}},"17":{"start":{"line":34,"column":8},"end":{"line":34,"column":null}},"18":{"start":{"line":39,"column":23},"end":{"line":43,"column":null}},"19":{"start":{"line":40,"column":4},"end":{"line":42,"column":null}},"20":{"start":{"line":41,"column":6},"end":{"line":41,"column":null}},"21":{"start":{"line":45,"column":26},"end":{"line":52,"column":null}},"22":{"start":{"line":46,"column":4},"end":{"line":51,"column":null}},"23":{"start":{"line":47,"column":22},"end":{"line":47,"column":null}},"24":{"start":{"line":48,"column":6},"end":{"line":50,"column":null}},"25":{"start":{"line":49,"column":8},"end":{"line":49,"column":null}},"26":{"start":{"line":54,"column":24},"end":{"line":59,"column":null}},"27":{"start":{"line":55,"column":4},"end":{"line":58,"column":null}},"28":{"start":{"line":56,"column":6},"end":{"line":56,"column":null}},"29":{"start":{"line":57,"column":6},"end":{"line":57,"column":null}},"30":{"start":{"line":61,"column":2},"end":{"line":67,"column":null}},"31":{"start":{"line":62,"column":4},"end":{"line":65,"column":null}},"32":{"start":{"line":69,"column":21},"end":{"line":69,"column":null}},"33":{"start":{"line":71,"column":2},"end":{"line":123,"column":null}},"34":{"start":{"line":117,"column":25},"end":{"line":117,"column":null}}},"fnMap":{"0":{"name":"(anonymous_0)","decl":{"start":{"line":12,"column":20},"end":{"line":12,"column":26}},"loc":{"start":{"line":12,"column":26},"end":{"line":125,"column":null}},"line":12},"1":{"name":"(anonymous_1)","decl":{"start":{"line":21,"column":12},"end":{"line":21,"column":18}},"loc":{"start":{"line":21,"column":18},"end":{"line":27,"column":5}},"line":21},"2":{"name":"(anonymous_2)","decl":{"start":{"line":30,"column":12},"end":{"line":30,"column":18}},"loc":{"start":{"line":30,"column":18},"end":{"line":37,"column":5}},"line":30},"3":{"name":"(anonymous_3)","decl":{"start":{"line":32,"column":34},"end":{"line":32,"column":35}},"loc":{"start":{"line":32,"column":41},"end":{"line":32,"column":65}},"line":32},"4":{"name":"(anonymous_4)","decl":{"start":{"line":39,"column":23},"end":{"line":39,"column":35}},"loc":{"start":{"line":39,"column":35},"end":{"line":43,"column":null}},"line":39},"5":{"name":"(anonymous_5)","decl":{"start":{"line":45,"column":26},"end":{"line":45,"column":38}},"loc":{"start":{"line":45,"column":38},"end":{"line":52,"column":null}},"line":45},"6":{"name":"(anonymous_6)","decl":{"start":{"line":54,"column":24},"end":{"line":54,"column":36}},"loc":{"start":{"line":54,"column":36},"end":{"line":59,"column":null}},"line":54},"7":{"name":"(anonymous_7)","decl":{"start":{"line":117,"column":19},"end":{"line":117,"column":25}},"loc":{"start":{"line":117,"column":25},"end":{"line":117,"column":null}},"line":117}},"branchMap":{"0":{"loc":{"start":{"line":19,"column":20},"end":{"line":19,"column":null}},"type":"binary-expr","locations":[{"start":{"line":19,"column":20},"end":{"line":19,"column":66}},{"start":{"line":19,"column":66},"end":{"line":19,"column":null}}],"line":19},"1":{"loc":{"start":{"line":22,"column":4},"end":{"line":26,"column":null}},"type":"if","locations":[{"start":{"line":22,"column":4},"end":{"line":26,"column":null}},{"start":{},"end":{}}],"line":22},"2":{"loc":{"start":{"line":31,"column":4},"end":{"line":36,"column":null}},"type":"if","locations":[{"start":{"line":31,"column":4},"end":{"line":36,"column":null}},{"start":{},"end":{}}],"line":31},"3":{"loc":{"start":{"line":31,"column":8},"end":{"line":31,"column":47}},"type":"binary-expr","locations":[{"start":{"line":31,"column":8},"end":{"line":31,"column":27}},{"start":{"line":31,"column":27},"end":{"line":31,"column":47}}],"line":31},"4":{"loc":{"start":{"line":33,"column":6},"end":{"line":35,"column":null}},"type":"if","locations":[{"start":{"line":33,"column":6},"end":{"line":35,"column":null}},{"start":{},"end":{}}],"line":33},"5":{"loc":{"start":{"line":40,"column":4},"end":{"line":42,"column":null}},"type":"if","locations":[{"start":{"line":40,"column":4},"end":{"line":42,"column":null}},{"start":{},"end":{}}],"line":40},"6":{"loc":{"start":{"line":46,"column":4},"end":{"line":51,"column":null}},"type":"if","locations":[{"start":{"line":46,"column":4},"end":{"line":51,"column":null}},{"start":{},"end":{}}],"line":46},"7":{"loc":{"start":{"line":48,"column":6},"end":{"line":50,"column":null}},"type":"if","locations":[{"start":{"line":48,"column":6},"end":{"line":50,"column":null}},{"start":{},"end":{}}],"line":48},"8":{"loc":{"start":{"line":55,"column":4},"end":{"line":58,"column":null}},"type":"if","locations":[{"start":{"line":55,"column":4},"end":{"line":58,"column":null}},{"start":{},"end":{}}],"line":55},"9":{"loc":{"start":{"line":61,"column":2},"end":{"line":67,"column":null}},"type":"if","locations":[{"start":{"line":61,"column":2},"end":{"line":67,"column":null}},{"start":{},"end":{}}],"line":61},"10":{"loc":{"start":{"line":61,"column":6},"end":{"line":61,"column":24}},"type":"binary-expr","locations":[{"start":{"line":61,"column":6},"end":{"line":61,"column":17}},{"start":{"line":61,"column":17},"end":{"line":61,"column":24}}],"line":61},"11":{"loc":{"start":{"line":75,"column":59},"end":{"line":75,"column":93}},"type":"binary-expr","locations":[{"start":{"line":75,"column":59},"end":{"line":75,"column":80}},{"start":{"line":75,"column":80},"end":{"line":75,"column":93}}],"line":75},"12":{"loc":{"start":{"line":77,"column":9},"end":{"line":113,"column":null}},"type":"cond-expr","locations":[{"start":{"line":78,"column":10},"end":{"line":90,"column":null}},{"start":{"line":92,"column":10},"end":{"line":113,"column":null}}],"line":77},"13":{"loc":{"start":{"line":81,"column":60},"end":{"line":81,"column":89}},"type":"binary-expr","locations":[{"start":{"line":81,"column":60},"end":{"line":81,"column":74}},{"start":{"line":81,"column":74},"end":{"line":81,"column":89}}],"line":81},"14":{"loc":{"start":{"line":98,"column":13},"end":{"line":111,"column":null}},"type":"cond-expr","locations":[{"start":{"line":99,"column":14},"end":{"line":104,"column":null}},{"start":{"line":106,"column":14},"end":{"line":111,"column":null}}],"line":98}},"s":{"0":1,"1":15,"2":15,"3":15,"4":15,"5":15,"6":15,"7":15,"8":10,"9":10,"10":10,"11":10,"12":15,"13":10,"14":10,"15":10,"16":10,"17":10,"18":15,"19":1,"20":1,"21":15,"22":0,"23":0,"24":0,"25":0,"26":15,"27":0,"28":0,"29":0,"30":15,"31":5,"32":10,"33":10,"34":0},"f":{"0":15,"1":10,"2":10,"3":10,"4":1,"5":0,"6":0,"7":0},"b":{"0":[15,0],"1":[10,0],"2":[10,0],"3":[10,10],"4":[10,0],"5":[1,0],"6":[0,0],"7":[0,0],"8":[0,0],"9":[5,10],"10":[15,10],"11":[10,0],"12":[10,0],"13":[10,0],"14":[0,0]},"meta":{"lastBranch":15,"lastFunction":8,"lastStatement":35,"seen":{"s:12:20:125:Infinity":0,"f:12:20:12:26":0,"s:13:8:13:Infinity":1,"s:14:8:14:Infinity":2,"s:15:75:15:Infinity":3,"s:16:34:16:Infinity":4,"s:17:28:17:Infinity":5,"s:19:20:19:Infinity":6,"b:19:20:19:66:19:66:19:Infinity":0,"s:21:2:27:Infinity":7,"f:21:12:21:18":1,"b:22:4:26:Infinity:undefined:undefined:undefined:undefined":1,"s:22:4:26:Infinity":8,"s:23:20:23:Infinity":9,"s:24:6:24:Infinity":10,"s:25:6:25:Infinity":11,"s:30:2:37:Infinity":12,"f:30:12:30:18":2,"b:31:4:36:Infinity:undefined:undefined:undefined:undefined":2,"s:31:4:36:Infinity":13,"b:31:8:31:27:31:27:31:47":3,"s:32:21:32:Infinity":14,"f:32:34:32:35":3,"s:32:41:32:65":15,"b:33:6:35:Infinity:undefined:undefined:undefined:undefined":4,"s:33:6:35:Infinity":16,"s:34:8:34:Infinity":17,"s:39:23:43:Infinity":18,"f:39:23:39:35":4,"b:40:4:42:Infinity:undefined:undefined:undefined:undefined":5,"s:40:4:42:Infinity":19,"s:41:6:41:Infinity":20,"s:45:26:52:Infinity":21,"f:45:26:45:38":5,"b:46:4:51:Infinity:undefined:undefined:undefined:undefined":6,"s:46:4:51:Infinity":22,"s:47:22:47:Infinity":23,"b:48:6:50:Infinity:undefined:undefined:undefined:undefined":7,"s:48:6:50:Infinity":24,"s:49:8:49:Infinity":25,"s:54:24:59:Infinity":26,"f:54:24:54:36":6,"b:55:4:58:Infinity:undefined:undefined:undefined:undefined":8,"s:55:4:58:Infinity":27,"s:56:6:56:Infinity":28,"s:57:6:57:Infinity":29,"b:61:2:67:Infinity:undefined:undefined:undefined:undefined":9,"s:61:2:67:Infinity":30,"b:61:6:61:17:61:17:61:24":10,"s:62:4:65:Infinity":31,"s:69:21:69:Infinity":32,"s:71:2:123:Infinity":33,"b:75:59:75:80:75:80:75:93":11,"b:78:10:90:Infinity:92:10:113:Infinity":12,"b:81:60:81:74:81:74:81:89":13,"b:99:14:104:Infinity:106:14:111:Infinity":14,"f:117:19:117:25":7,"s:117:25:117:Infinity":34}}}
,"/Users/dhruv/Code/mole/src/pages/host/Lobby.tsx": {"path":"/Users/dhruv/Code/mole/src/pages/host/Lobby.tsx","statementMap":{"0":{"start":{"line":11,"column":21},"end":{"line":145,"column":null}},"1":{"start":{"line":12,"column":8},"end":{"line":12,"column":null}},"2":{"start":{"line":13,"column":94},"end":{"line":13,"column":null}},"3":{"start":{"line":14,"column":36},"end":{"line":14,"column":null}},"4":{"start":{"line":15,"column":26},"end":{"line":15,"column":null}},"5":{"start":{"line":17,"column":2},"end":{"line":51,"column":null}},"6":{"start":{"line":18,"column":21},"end":{"line":42,"column":null}},"7":{"start":{"line":20,"column":27},"end":{"line":20,"column":null}},"8":{"start":{"line":21,"column":6},"end":{"line":41,"column":null}},"9":{"start":{"line":22,"column":22},"end":{"line":22,"column":null}},"10":{"start":{"line":23,"column":8},"end":{"line":23,"column":null}},"11":{"start":{"line":23,"column":29},"end":{"line":23,"column":34}},"12":{"start":{"line":25,"column":14},"end":{"line":25,"column":null}},"13":{"start":{"line":26,"column":25},"end":{"line":26,"column":null}},"14":{"start":{"line":27,"column":8},"end":{"line":33,"column":null}},"15":{"start":{"line":28,"column":27},"end":{"line":28,"column":null}},"16":{"start":{"line":29,"column":10},"end":{"line":29,"column":null}},"17":{"start":{"line":30,"column":10},"end":{"line":32,"column":null}},"18":{"start":{"line":31,"column":12},"end":{"line":31,"column":null}},"19":{"start":{"line":36,"column":28},"end":{"line":36,"column":null}},"20":{"start":{"line":37,"column":8},"end":{"line":40,"column":null}},"21":{"start":{"line":38,"column":24},"end":{"line":38,"column":null}},"22":{"start":{"line":39,"column":10},"end":{"line":39,"column":null}},"23":{"start":{"line":39,"column":31},"end":{"line":39,"column":36}},"24":{"start":{"line":44,"column":4},"end":{"line":44,"column":null}},"25":{"start":{"line":46,"column":4},"end":{"line":50,"column":null}},"26":{"start":{"line":47,"column":6},"end":{"line":49,"column":null}},"27":{"start":{"line":48,"column":8},"end":{"line":48,"column":null}},"28":{"start":{"line":53,"column":2},"end":{"line":59,"column":null}},"29":{"start":{"line":54,"column":4},"end":{"line":57,"column":null}},"30":{"start":{"line":61,"column":18},"end":{"line":61,"column":null}},"31":{"start":{"line":63,"column":2},"end":{"line":143,"column":null}},"32":{"start":{"line":98,"column":16},"end":{"line":98,"column":null}},"33":{"start":{"line":109,"column":29},"end":{"line":109,"column":null}},"34":{"start":{"line":121,"column":12},"end":{"line":124,"column":null}},"35":{"start":{"line":122,"column":14},"end":{"line":122,"column":null}},"36":{"start":{"line":123,"column":14},"end":{"line":123,"column":null}},"37":{"start":{"line":137,"column":25},"end":{"line":137,"column":null}}},"fnMap":{"0":{"name":"(anonymous_0)","decl":{"start":{"line":11,"column":21},"end":{"line":11,"column":27}},"loc":{"start":{"line":11,"column":27},"end":{"line":145,"column":null}},"line":11},"1":{"name":"(anonymous_1)","decl":{"start":{"line":17,"column":12},"end":{"line":17,"column":18}},"loc":{"start":{"line":17,"column":18},"end":{"line":51,"column":5}},"line":17},"2":{"name":"(anonymous_2)","decl":{"start":{"line":18,"column":21},"end":{"line":18,"column":33}},"loc":{"start":{"line":18,"column":33},"end":{"line":42,"column":null}},"line":18},"3":{"name":"(anonymous_3)","decl":{"start":{"line":23,"column":23},"end":{"line":23,"column":29}},"loc":{"start":{"line":23,"column":29},"end":{"line":23,"column":34}},"line":23},"4":{"name":"(anonymous_4)","decl":{"start":{"line":39,"column":25},"end":{"line":39,"column":31}},"loc":{"start":{"line":39,"column":31},"end":{"line":39,"column":36}},"line":39},"5":{"name":"(anonymous_5)","decl":{"start":{"line":46,"column":11},"end":{"line":46,"column":17}},"loc":{"start":{"line":46,"column":17},"end":{"line":50,"column":null}},"line":46},"6":{"name":"(anonymous_6)","decl":{"start":{"line":97,"column":27},"end":{"line":97,"column":28}},"loc":{"start":{"line":98,"column":16},"end":{"line":98,"column":null}},"line":98},"7":{"name":"(anonymous_7)","decl":{"start":{"line":109,"column":22},"end":{"line":109,"column":23}},"loc":{"start":{"line":109,"column":29},"end":{"line":109,"column":null}},"line":109},"8":{"name":"(anonymous_8)","decl":{"start":{"line":120,"column":19},"end":{"line":120,"column":31}},"loc":{"start":{"line":120,"column":31},"end":{"line":125,"column":null}},"line":120},"9":{"name":"(anonymous_9)","decl":{"start":{"line":137,"column":19},"end":{"line":137,"column":25}},"loc":{"start":{"line":137,"column":25},"end":{"line":137,"column":null}},"line":137}},"branchMap":{"0":{"loc":{"start":{"line":21,"column":6},"end":{"line":41,"column":null}},"type":"if","locations":[{"start":{"line":21,"column":6},"end":{"line":41,"column":null}},{"start":{"line":34,"column":13},"end":{"line":41,"column":null}}],"line":21},"1":{"loc":{"start":{"line":27,"column":8},"end":{"line":33,"column":null}},"type":"if","locations":[{"start":{"line":27,"column":8},"end":{"line":33,"column":null}},{"start":{},"end":{}}],"line":27},"2":{"loc":{"start":{"line":29,"column":20},"end":{"line":29,"column":45}},"type":"binary-expr","locations":[{"start":{"line":29,"column":20},"end":{"line":29,"column":44}},{"start":{"line":29,"column":44},"end":{"line":29,"column":45}}],"line":29},"3":{"loc":{"start":{"line":30,"column":10},"end":{"line":32,"column":null}},"type":"if","locations":[{"start":{"line":30,"column":10},"end":{"line":32,"column":null}},{"start":{},"end":{}}],"line":30},"4":{"loc":{"start":{"line":37,"column":8},"end":{"line":40,"column":null}},"type":"if","locations":[{"start":{"line":37,"column":8},"end":{"line":40,"column":null}},{"start":{},"end":{}}],"line":37},"5":{"loc":{"start":{"line":47,"column":6},"end":{"line":49,"column":null}},"type":"if","locations":[{"start":{"line":47,"column":6},"end":{"line":49,"column":null}},{"start":{},"end":{}}],"line":47},"6":{"loc":{"start":{"line":53,"column":2},"end":{"line":59,"column":null}},"type":"if","locations":[{"start":{"line":53,"column":2},"end":{"line":59,"column":null}},{"start":{},"end":{}}],"line":53},"7":{"loc":{"start":{"line":53,"column":6},"end":{"line":53,"column":24}},"type":"binary-expr","locations":[{"start":{"line":53,"column":6},"end":{"line":53,"column":17}},{"start":{"line":53,"column":17},"end":{"line":53,"column":24}}],"line":53},"8":{"loc":{"start":{"line":88,"column":30},"end":{"line":88,"column":null}},"type":"cond-expr","locations":[{"start":{"line":88,"column":53},"end":{"line":88,"column":64}},{"start":{"line":88,"column":64},"end":{"line":88,"column":null}}],"line":88},"9":{"loc":{"start":{"line":93,"column":9},"end":{"line":101,"column":null}},"type":"binary-expr","locations":[{"start":{"line":93,"column":9},"end":{"line":93,"column":null}},{"start":{"line":94,"column":10},"end":{"line":101,"column":null}}],"line":93},"10":{"loc":{"start":{"line":121,"column":12},"end":{"line":124,"column":null}},"type":"if","locations":[{"start":{"line":121,"column":12},"end":{"line":124,"column":null}},{"start":{},"end":{}}],"line":121},"11":{"loc":{"start":{"line":128,"column":12},"end":{"line":130,"column":null}},"type":"cond-expr","locations":[{"start":{"line":129,"column":16},"end":{"line":129,"column":null}},{"start":{"line":130,"column":16},"end":{"line":130,"column":null}}],"line":128},"12":{"loc":{"start":{"line":133,"column":11},"end":{"line":133,"column":null}},"type":"cond-expr","locations":[{"start":{"line":133,"column":33},"end":{"line":133,"column":48}},{"start":{"line":133,"column":48},"end":{"line":133,"column":null}}],"line":133}},"s":{"0":1,"1":9,"2":9,"3":9,"4":9,"5":9,"6":8,"7":8,"8":8,"9":0,"10":0,"11":0,"12":0,"13":0,"14":0,"15":0,"16":0,"17":0,"18":0,"19":8,"20":8,"21":8,"22":8,"23":8,"24":8,"25":8,"26":8,"27":0,"28":9,"29":0,"30":9,"31":9,"32":18,"33":0,"34":1,"35":1,"36":1,"37":0},"f":{"0":9,"1":8,"2":8,"3":0,"4":8,"5":8,"6":18,"7":0,"8":1,"9":0},"b":{"0":[0,8],"1":[0,0],"2":[0,0],"3":[0,0],"4":[8,0],"5":[0,8],"6":[0,9],"7":[9,9],"8":[0,9],"9":[9,9],"10":[1,0],"11":[9,0],"12":[9,0]},"meta":{"lastBranch":13,"lastFunction":10,"lastStatement":38,"seen":{"s:11:21:145:Infinity":0,"f:11:21:11:27":0,"s:12:8:12:Infinity":1,"s:13:94:13:Infinity":2,"s:14:36:14:Infinity":3,"s:15:26:15:Infinity":4,"s:17:2:51:Infinity":5,"f:17:12:17:18":1,"s:18:21:42:Infinity":6,"f:18:21:18:33":2,"s:20:27:20:Infinity":7,"b:21:6:41:Infinity:34:13:41:Infinity":0,"s:21:6:41:Infinity":8,"s:22:22:22:Infinity":9,"s:23:8:23:Infinity":10,"f:23:23:23:29":3,"s:23:29:23:34":11,"s:25:14:25:Infinity":12,"s:26:25:26:Infinity":13,"b:27:8:33:Infinity:undefined:undefined:undefined:undefined":1,"s:27:8:33:Infinity":14,"s:28:27:28:Infinity":15,"s:29:10:29:Infinity":16,"b:29:20:29:44:29:44:29:45":2,"b:30:10:32:Infinity:undefined:undefined:undefined:undefined":3,"s:30:10:32:Infinity":17,"s:31:12:31:Infinity":18,"s:36:28:36:Infinity":19,"b:37:8:40:Infinity:undefined:undefined:undefined:undefined":4,"s:37:8:40:Infinity":20,"s:38:24:38:Infinity":21,"s:39:10:39:Infinity":22,"f:39:25:39:31":4,"s:39:31:39:36":23,"s:44:4:44:Infinity":24,"s:46:4:50:Infinity":25,"f:46:11:46:17":5,"b:47:6:49:Infinity:undefined:undefined:undefined:undefined":5,"s:47:6:49:Infinity":26,"s:48:8:48:Infinity":27,"b:53:2:59:Infinity:undefined:undefined:undefined:undefined":6,"s:53:2:59:Infinity":28,"b:53:6:53:17:53:17:53:24":7,"s:54:4:57:Infinity":29,"s:61:18:61:Infinity":30,"s:63:2:143:Infinity":31,"b:88:53:88:64:88:64:88:Infinity":8,"b:93:9:93:Infinity:94:10:101:Infinity":9,"f:97:27:97:28":6,"s:98:16:98:Infinity":32,"f:109:22:109:23":7,"s:109:29:109:Infinity":33,"f:120:19:120:31":8,"b:121:12:124:Infinity:undefined:undefined:undefined:undefined":10,"s:121:12:124:Infinity":34,"s:122:14:122:Infinity":35,"s:123:14:123:Infinity":36,"b:129:16:129:Infinity:130:16:130:Infinity":11,"b:133:33:133:48:133:48:133:Infinity":12,"f:137:19:137:25":9,"s:137:25:137:Infinity":37}}}
}
